TN:
SF:c:\Users\DELL\Desktop\lemosdk\lemo-client\rollup-umd.config.js
FN:13,umdConfig
FNF:1
FNH:0
FNDA:0,umdConfig
DA:14,0
DA:48,0
DA:50,0
DA:52,0
DA:53,0
DA:54,0
LF:6
LH:0
BRF:0
BRH:0
end_of_record
TN:
SF:c:\Users\DELL\Desktop\lemosdk\lemo-client\rollup.config.js
FNF:0
FNH:0
LF:0
LH:0
BRF:0
BRH:0
end_of_record
TN:
SF:c:\Users\DELL\Desktop\lemosdk\lemo-client\lib\api.js
FN:4,(anonymous_0)
FN:16,(anonymous_1)
FN:24,buildCall
FN:29,(anonymous_3)
FNF:4
FNH:4
FNDA:535,(anonymous_0)
FNDA:531,(anonymous_1)
FNDA:530,buildCall
FNDA:15,(anonymous_3)
DA:5,1
DA:6,2
DA:8,535
DA:9,3
DA:10,532
DA:11,532
DA:12,532
DA:13,532
DA:17,532
DA:18,532
DA:20,531
DA:25,1
DA:26,530
DA:29,530
DA:30,177
DA:31,353
DA:32,15
DA:33,7
DA:36,7
DA:37,0
DA:38,15
DA:40,10
LF:22
LH:21
BRDA:5,0,0,3
BRDA:5,0,1,532
BRDA:5,1,0,535
BRDA:5,1,1,534
BRDA:5,1,2,533
BRDA:17,2,0,1
BRDA:17,2,1,530
BRDA:25,3,0,177
BRDA:25,3,1,353
BRDA:30,4,0,7
BRDA:30,4,1,8
BRDA:32,5,0,0
BRDA:32,5,1,7
BRDA:37,6,0,3
BRDA:37,6,1,7
BRF:15
BRH:14
end_of_record
TN:
SF:c:\Users\DELL\Desktop\lemosdk\lemo-client\lib\config.js
